Using pre-set license
Built from '2021.3/staging' branch; Version is '2021.3.14f1 (eee1884e7226) revision 15655304'; Using compiler version '192829333'; Build Type 'Release'
OS: 'Windows 11  (10.0.22621) 64bit Professional' Language: 'ru' Physical Memory: 14274 MB
BatchMode: 1, IsHumanControllingUs: 0, StartBugReporterOnCrash: 0, Is64bit: 1, IsPro: 1

COMMAND LINE ARGUMENTS:
C:\Program Files\Unity\Hub\Editor\2021.3.14f1\Editor\Unity.exe
-adb2
-batchMode
-noUpm
-name
AssetImportWorker2
-projectPath
C:/Users/fokin/Desktop/game project/My project
-logFile
Logs/AssetImportWorker2.log
-srvPort
52375
Successfully changed project path to: C:/Users/fokin/Desktop/game project/My project
C:/Users/fokin/Desktop/game project/My project
[UnityMemory] Configuration Parameters - Can be set up in boot.config
    "memorysetup-bucket-allocator-granularity=16"
    "memorysetup-bucket-allocator-bucket-count=8"
    "memorysetup-bucket-allocator-block-size=33554432"
    "memorysetup-bucket-allocator-block-count=8"
    "memorysetup-main-allocator-block-size=16777216"
    "memorysetup-thread-allocator-block-size=16777216"
    "memorysetup-gfx-main-allocator-block-size=16777216"
    "memorysetup-gfx-thread-allocator-block-size=16777216"
    "memorysetup-cache-allocator-block-size=4194304"
    "memorysetup-typetree-allocator-block-size=2097152"
    "memorysetup-profiler-bucket-allocator-granularity=16"
    "memorysetup-profiler-bucket-allocator-bucket-count=8"
    "memorysetup-profiler-bucket-allocator-block-size=33554432"
    "memorysetup-profiler-bucket-allocator-block-count=8"
    "memorysetup-profiler-allocator-block-size=16777216"
    "memorysetup-profiler-editor-allocator-block-size=1048576"
    "memorysetup-temp-allocator-size-main=16777216"
    "memorysetup-job-temp-allocator-block-size=2097152"
    "memorysetup-job-temp-allocator-block-size-background=1048576"
    "memorysetup-job-temp-allocator-reduction-small-platforms=262144"
    "memorysetup-temp-allocator-size-background-worker=32768"
    "memorysetup-temp-allocator-size-job-worker=262144"
    "memorysetup-temp-allocator-size-preload-manager=33554432"
    "memorysetup-temp-allocator-size-nav-mesh-worker=65536"
    "memorysetup-temp-allocator-size-audio-worker=65536"
    "memorysetup-temp-allocator-size-cloud-worker=32768"
    "memorysetup-temp-allocator-size-gi-baking-worker=262144"
    "memorysetup-temp-allocator-size-gfx=262144"
Refreshing native plugins compatible for Editor in 148.97 ms, found 3 plugins.
Preloading 0 native plugins for Editor in 0.00 ms.
Initialize engine version: 2021.3.14f1 (eee1884e7226)
[Subsystems] Discovering subsystems at path C:/Program Files/Unity/Hub/Editor/2021.3.14f1/Editor/Data/Resources/UnitySubsystems
[Subsystems] Discovering subsystems at path C:/Users/fokin/Desktop/game project/My project/Assets
GfxDevice: creating device client; threaded=0; jobified=0
Direct3D:
    Version:  Direct3D 11.0 [level 11.1]
    Renderer: NVIDIA GeForce GTX 1650 (ID=0x1f91)
    Vendor:   NVIDIA
    VRAM:     3964 MB
    Driver:   31.0.15.1748
Initialize mono
Mono path[0] = 'C:/Program Files/Unity/Hub/Editor/2021.3.14f1/Editor/Data/Managed'
Mono path[1] = 'C:/Program Files/Unity/Hub/Editor/2021.3.14f1/Editor/Data/MonoBleedingEdge/lib/mono/unityjit-win32'
Mono config path = 'C:/Program Files/Unity/Hub/Editor/2021.3.14f1/Editor/Data/MonoBleedingEdge/etc'
Using monoOptions --debugger-agent=transport=dt_socket,embedding=1,server=y,suspend=n,address=127.0.0.1:56724
Begin MonoManager ReloadAssembly
Registering precompiled unity dll's ...
Register platform support module: C:/Program Files/Unity/Hub/Editor/2021.3.14f1/Editor/Data/PlaybackEngines/WindowsStandaloneSupport/UnityEditor.WindowsStandalone.Extensions.dll
Registered in 0.011560 seconds.
Native extension for WindowsStandalone target not found
Refreshing native plugins compatible for Editor in 138.23 ms, found 3 plugins.
Preloading 0 native plugins for Editor in 0.00 ms.
Mono: successfully reloaded assembly
- Completed reload, in  1.220 seconds
Domain Reload Profiling:
	ReloadAssembly (1221ms)
		BeginReloadAssembly (150ms)
			ExecutionOrderSort (0ms)
			DisableScriptedObjects (0ms)
			BackupInstance (0ms)
			ReleaseScriptingObjects (0ms)
			CreateAndSetChildDomain (2ms)
		EndReloadAssembly (883ms)
			LoadAssemblies (143ms)
			RebuildTransferFunctionScriptingTraits (0ms)
			SetupTypeCache (180ms)
			ReleaseScriptCaches (0ms)
			RebuildScriptCaches (59ms)
			SetupLoadedEditorAssemblies (540ms)
				LogAssemblyErrors (0ms)
				InitializePlatformSupportModulesInManaged (13ms)
				SetLoadedEditorAssemblies (1ms)
				RefreshPlugins (138ms)
				BeforeProcessingInitializeOnLoad (4ms)
				ProcessInitializeOnLoadAttributes (282ms)
				ProcessInitializeOnLoadMethodAttributes (103ms)
				AfterProcessingInitializeOnLoad (0ms)
				EditorAssembliesLoaded (0ms)
			ExecutionOrderSort2 (0ms)
			AwakeInstancesAfterBackupRestoration (0ms)
Platform modules already initialized, skipping
Registering precompiled user dll's ...
Registered in 0.019283 seconds.
Begin MonoManager ReloadAssembly
Symbol file LoadedFromMemory doesn't match image C:\Users\fokin\Desktop\game project\My project\Library\PackageCache\com.unity.visualscripting@1.7.8\Editor\VisualScripting.Core\Dependencies\YamlDotNet\Unity.VisualScripting.YamlDotNet.dll
Symbol file LoadedFromMemory doesn't match image C:\Users\fokin\Desktop\game project\My project\Library\PackageCache\com.unity.visualscripting@1.7.8\Editor\VisualScripting.Core\Dependencies\DotNetZip\Unity.VisualScripting.IonicZip.dll
Native extension for WindowsStandalone target not found
Refreshing native plugins compatible for Editor in 1.40 ms, found 3 plugins.
Preloading 0 native plugins for Editor in 0.00 ms.
Mono: successfully reloaded assembly
- Completed reload, in  8.931 seconds
Domain Reload Profiling:
	ReloadAssembly (8933ms)
		BeginReloadAssembly (166ms)
			ExecutionOrderSort (0ms)
			DisableScriptedObjects (8ms)
			BackupInstance (0ms)
			ReleaseScriptingObjects (0ms)
			CreateAndSetChildDomain (28ms)
		EndReloadAssembly (8496ms)
			LoadAssemblies (3908ms)
			RebuildTransferFunctionScriptingTraits (0ms)
			SetupTypeCache (1647ms)
			ReleaseScriptCaches (3ms)
			RebuildScriptCaches (146ms)
			SetupLoadedEditorAssemblies (2637ms)
				LogAssemblyErrors (0ms)
				InitializePlatformSupportModulesInManaged (18ms)
				SetLoadedEditorAssemblies (1ms)
				RefreshPlugins (2ms)
				BeforeProcessingInitializeOnLoad (191ms)
				ProcessInitializeOnLoadAttributes (694ms)
				ProcessInitializeOnLoadMethodAttributes (1719ms)
				AfterProcessingInitializeOnLoad (11ms)
				EditorAssembliesLoaded (0ms)
			ExecutionOrderSort2 (0ms)
			AwakeInstancesAfterBackupRestoration (12ms)
Platform modules already initialized, skipping
========================================================================
Worker process is ready to serve import requests
Launched and connected shader compiler UnityShaderCompiler.exe after 0.21 seconds
Refreshing native plugins compatible for Editor in 1.90 ms, found 3 plugins.
Preloading 0 native plugins for Editor in 0.00 ms.
Unloading 3351 Unused Serialized files (Serialized files now loaded: 0)
Unloading 27 unused Assets / (113.5 KB). Loaded Objects now: 3808.
Memory consumption went from 115.4 MB to 115.3 MB.
Total: 8.586000 ms (FindLiveObjects: 0.933000 ms CreateObjectMapping: 0.673900 ms MarkObjects: 6.693700 ms  DeleteObjects: 0.281900 ms)

AssetImportParameters requested are different than current active one (requested -> active):
  custom:video-decoder-ogg-theora: a1e56fd34408186e4bbccfd4996cb3dc -> 
  custom:container-muxer-webm: aa71ff27fc2769a1b78a27578f13a17b -> 
  custom:container-demuxer-webm: 4f35f7cbe854078d1ac9338744f61a02 -> 
  custom:video-encoder-webm-vp8: eb34c28f22e8b96e1ab97ce403110664 -> 
  custom:audio-encoder-webm-vorbis: bf7c407c2cedff20999df2af8eb42d56 -> 
  custom:framework-win-MediaFoundation: 216162199b28c13a410421893ffa2e32 -> 
  custom:container-demuxer-ogg: 62fdf1f143b41e24485cea50d1cbac27 -> 
  custom:video-decoder-webm-vp8: 9c59270c3fd7afecdb556c50c9e8de78 -> 
  custom:audio-decoder-ogg-vorbis: bf7c407c2cedff20999df2af8eb42d56 -> 
========================================================================
Received Import Request.
  Time since last request: 102316.463778 seconds.
  path: Assets/Scenes/Materials
  artifactKey: Guid(692d0c302d16a9d41ba0fd1052f9987a) Importer(815301076,1909f56bfc062723c751e8b465ee728b)
Start importing Assets/Scenes/Materials using Guid(692d0c302d16a9d41ba0fd1052f9987a) Importer(815301076,1909f56bfc062723c751e8b465ee728b)  -> (artifact id: 'ae5045daea7a7ee138307e62f3672790') in 0.018271 seconds 
========================================================================
Received Import Request.
  Time since last request: 32.340013 seconds.
  path: Assets/Scenes/Materials/ground.mat
  artifactKey: Guid(2b239bace62ee564b88505f8ff74f863) Importer(815301076,1909f56bfc062723c751e8b465ee728b)
Start importing Assets/Scenes/Materials/ground.mat using Guid(2b239bace62ee564b88505f8ff74f863) Importer(815301076,1909f56bfc062723c751e8b465ee728b)  -> (artifact id: 'd5412f9707d82b5330aaf220e7c6eb2e') in 0.352808 seconds 
========================================================================
Received Import Request.
  Time since last request: 175.236214 seconds.
  path: Assets/Scenes/texture
  artifactKey: Guid(193a98906c5ba554a99dc4375261c443) Importer(815301076,1909f56bfc062723c751e8b465ee728b)
Start importing Assets/Scenes/texture using Guid(193a98906c5ba554a99dc4375261c443) Importer(815301076,1909f56bfc062723c751e8b465ee728b)  -> (artifact id: '74402398f02bf722a9c10c820a5572e2') in 0.009189 seconds 
========================================================================
Received Import Request.
  Time since last request: 19.343199 seconds.
  path: Assets/Scenes/texture/New Custom Render Texture.asset
  artifactKey: Guid(8d286a525cb081449bf803fc75fbb903) Importer(815301076,1909f56bfc062723c751e8b465ee728b)
Start importing Assets/Scenes/texture/New Custom Render Texture.asset using Guid(8d286a525cb081449bf803fc75fbb903) Importer(815301076,1909f56bfc062723c751e8b465ee728b)  -> (artifact id: '2403b05f86e18fc4bb9df9969fd1a9d9') in 0.051092 seconds 
========================================================================
Received Import Request.
  Time since last request: 16.847336 seconds.
  path: Assets/Scenes/texture/Materials
  artifactKey: Guid(ca03dd3839c3f6c459ed9841fdd3c813) Importer(815301076,1909f56bfc062723c751e8b465ee728b)
Start importing Assets/Scenes/texture/Materials using Guid(ca03dd3839c3f6c459ed9841fdd3c813) Importer(815301076,1909f56bfc062723c751e8b465ee728b)  -> (artifact id: '8224f15e2f3824155c6dd5f72f830128') in 0.003498 seconds 
========================================================================
Received Import Request.
  Time since last request: 0.075883 seconds.
  path: Assets/Scenes/texture/Materials/New Custom Render Texture.mat
  artifactKey: Guid(1ec8e9323807ca046b5f970baeab858e) Importer(815301076,1909f56bfc062723c751e8b465ee728b)
Start importing Assets/Scenes/texture/Materials/New Custom Render Texture.mat using Guid(1ec8e9323807ca046b5f970baeab858e) Importer(815301076,1909f56bfc062723c751e8b465ee728b)  -> (artifact id: '0b6fb3c0e85636391fe1ad0560b3f627') in 0.018622 seconds 
========================================================================
Received Import Request.
  Time since last request: 754.817649 seconds.
  path: Assets
  artifactKey: Guid(00000000000000001000000000000000) Importer(815301076,1909f56bfc062723c751e8b465ee728b)
Start importing Assets using Guid(00000000000000001000000000000000) Importer(815301076,1909f56bfc062723c751e8b465ee728b)  -> (artifact id: '79842766b460edbeab6a34051e857a80') in 0.336943 seconds 
========================================================================
Received Import Request.
  Time since last request: 15.286359 seconds.
  path: Assets/Scenes/C#
  artifactKey: Guid(277ebc0274d383746b0071af8400089c) Importer(815301076,1909f56bfc062723c751e8b465ee728b)
Start importing Assets/Scenes/C# using Guid(277ebc0274d383746b0071af8400089c) Importer(815301076,1909f56bfc062723c751e8b465ee728b)  -> (artifact id: '5957ae8445e43c4e59567b3f51edf005') in 0.017316 seconds 
========================================================================
Received Import Request.
  Time since last request: 14.243279 seconds.
  path: Assets/Scenes/C#/player.cs
  artifactKey: Guid(513cda110470d1047939063d40eb3b19) Importer(815301076,1909f56bfc062723c751e8b465ee728b)
Start importing Assets/Scenes/C#/player.cs using Guid(513cda110470d1047939063d40eb3b19) Importer(815301076,1909f56bfc062723c751e8b465ee728b)  -> (artifact id: 'c788d6deb25de3c043e66074e3a97efa') in 0.020762 seconds 
========================================================================
Received Prepare
Registering precompiled user dll's ...
Registered in 0.012412 seconds.
Begin MonoManager ReloadAssembly
Symbol file LoadedFromMemory doesn't match image C:\Users\fokin\Desktop\game project\My project\Library\PackageCache\com.unity.visualscripting@1.7.8\Editor\VisualScripting.Core\Dependencies\YamlDotNet\Unity.VisualScripting.YamlDotNet.dll
Symbol file LoadedFromMemory doesn't match image C:\Users\fokin\Desktop\game project\My project\Library\PackageCache\com.unity.visualscripting@1.7.8\Editor\VisualScripting.Core\Dependencies\DotNetZip\Unity.VisualScripting.IonicZip.dll
Native extension for WindowsStandalone target not found
Refreshing native plugins compatible for Editor in 1.17 ms, found 3 plugins.
Preloading 0 native plugins for Editor in 0.00 ms.
Mono: successfully reloaded assembly
- Completed reload, in  1.770 seconds
Domain Reload Profiling:
	ReloadAssembly (1772ms)
		BeginReloadAssembly (283ms)
			ExecutionOrderSort (0ms)
			DisableScriptedObjects (7ms)
			BackupInstance (0ms)
			ReleaseScriptingObjects (0ms)
			CreateAndSetChildDomain (61ms)
		EndReloadAssembly (1262ms)
			LoadAssemblies (197ms)
			RebuildTransferFunctionScriptingTraits (0ms)
			SetupTypeCache (511ms)
			ReleaseScriptCaches (2ms)
			RebuildScriptCaches (59ms)
			SetupLoadedEditorAssemblies (481ms)
				LogAssemblyErrors (0ms)
				InitializePlatformSupportModulesInManaged (21ms)
				SetLoadedEditorAssemblies (1ms)
				RefreshPlugins (1ms)
				BeforeProcessingInitializeOnLoad (90ms)
				ProcessInitializeOnLoadAttributes (318ms)
				ProcessInitializeOnLoadMethodAttributes (38ms)
				AfterProcessingInitializeOnLoad (13ms)
				EditorAssembliesLoaded (0ms)
			ExecutionOrderSort2 (0ms)
			AwakeInstancesAfterBackupRestoration (12ms)
Platform modules already initialized, skipping
Refreshing native plugins compatible for Editor in 2.93 ms, found 3 plugins.
Preloading 0 native plugins for Editor in 0.00 ms.
Unloading 3347 Unused Serialized files (Serialized files now loaded: 0)
Unloading 20 unused Assets / (79.7 KB). Loaded Objects now: 3857.
Memory consumption went from 120.0 MB to 119.9 MB.
Total: 8.513800 ms (FindLiveObjects: 0.428700 ms CreateObjectMapping: 0.390700 ms MarkObjects: 7.529100 ms  DeleteObjects: 0.163000 ms)

AssetImportParameters requested are different than current active one (requested -> active):
  custom:video-decoder-ogg-theora: a1e56fd34408186e4bbccfd4996cb3dc -> 
  custom:container-muxer-webm: aa71ff27fc2769a1b78a27578f13a17b -> 
  custom:container-demuxer-webm: 4f35f7cbe854078d1ac9338744f61a02 -> 
  custom:video-encoder-webm-vp8: eb34c28f22e8b96e1ab97ce403110664 -> 
  custom:audio-encoder-webm-vorbis: bf7c407c2cedff20999df2af8eb42d56 -> 
  custom:framework-win-MediaFoundation: 216162199b28c13a410421893ffa2e32 -> 
  custom:container-demuxer-ogg: 62fdf1f143b41e24485cea50d1cbac27 -> 
  custom:video-decoder-webm-vp8: 9c59270c3fd7afecdb556c50c9e8de78 -> 
  custom:audio-decoder-ogg-vorbis: bf7c407c2cedff20999df2af8eb42d56 -> 
========================================================================
Received Import Request.
  Time since last request: 2132.308093 seconds.
  path: Assets/Scenes/texture/textures.png
  artifactKey: Guid(acc322436465b5040accd2344bb3e45a) Importer(815301076,1909f56bfc062723c751e8b465ee728b)
Start importing Assets/Scenes/texture/textures.png using Guid(acc322436465b5040accd2344bb3e45a) Importer(815301076,1909f56bfc062723c751e8b465ee728b)  -> (artifact id: '2555dbfd47d2072c063a9d443e223385') in 0.174266 seconds 
========================================================================
Received Import Request.
  Time since last request: 2.936630 seconds.
  path: Assets/Anime_charcter.blend
  artifactKey: Guid(f19ef2205776e524db0605e41184a1fe) Importer(815301076,1909f56bfc062723c751e8b465ee728b)
Start importing Assets/Anime_charcter.blend using Guid(f19ef2205776e524db0605e41184a1fe) Importer(815301076,1909f56bfc062723c751e8b465ee728b)  -> (artifact id: 'c3dbe615e6fbdc750c16d782fa7a050d') in 0.246942 seconds 
========================================================================
Received Import Request.
  Time since last request: 635.297704 seconds.
  path: Assets/Cute Cartoon Character.blend
  artifactKey: Guid(dfbea561a9fdb8548b7929935c8e04f2) Importer(815301076,1909f56bfc062723c751e8b465ee728b)
Start importing Assets/Cute Cartoon Character.blend using Guid(dfbea561a9fdb8548b7929935c8e04f2) Importer(815301076,1909f56bfc062723c751e8b465ee728b)  -> (artifact id: '8cef407b1aa3531e89d3d3939d2904f7') in 0.234058 seconds 
========================================================================
Received Import Request.
  Time since last request: 8153.220031 seconds.
  path: Assets/axe1.fbx
  artifactKey: Guid(974b538170a82df4da6d200127aa15b4) Importer(815301076,1909f56bfc062723c751e8b465ee728b)
Start importing Assets/axe1.fbx using Guid(974b538170a82df4da6d200127aa15b4) Importer(815301076,1909f56bfc062723c751e8b465ee728b)  -> (artifact id: '4dc69a5a9f5ff3d1a9063f774e72d8c1') in 0.113087 seconds 
========================================================================
Received Import Request.
  Time since last request: 95.047716 seconds.
  path: Assets/Scenes/texture/axe_low_Material.001_Roughness.png
  artifactKey: Guid(e235502bbb7efe34c9cd8c7a1945f222) Importer(815301076,1909f56bfc062723c751e8b465ee728b)
Start importing Assets/Scenes/texture/axe_low_Material.001_Roughness.png using Guid(e235502bbb7efe34c9cd8c7a1945f222) Importer(815301076,1909f56bfc062723c751e8b465ee728b)  -> (artifact id: '6eedaa3727dd98206213c14b199f15e4') in 0.029069 seconds 
========================================================================
Received Import Request.
  Time since last request: 120.461917 seconds.
  path: Assets/Scenes/texture/ощ.mat
  artifactKey: Guid(0338705cc6f5d7d4aab90a59026991f4) Importer(815301076,1909f56bfc062723c751e8b465ee728b)
Start importing Assets/Scenes/texture/ощ.mat using Guid(0338705cc6f5d7d4aab90a59026991f4) Importer(815301076,1909f56bfc062723c751e8b465ee728b)  -> (artifact id: '81f2819ec6eb6b435cd73ab90e55e3aa') in 0.021495 seconds 
========================================================================
Received Import Request.
  Time since last request: 10.134023 seconds.
  path: Assets/Scenes/texture/ghj.mat
  artifactKey: Guid(0338705cc6f5d7d4aab90a59026991f4) Importer(815301076,1909f56bfc062723c751e8b465ee728b)
Start importing Assets/Scenes/texture/ghj.mat using Guid(0338705cc6f5d7d4aab90a59026991f4) Importer(815301076,1909f56bfc062723c751e8b465ee728b)  -> (artifact id: '51cf956dc3d70d2d14cef04ee2c70693') in 0.020315 seconds 
========================================================================
Received Import Request.
  Time since last request: 91.205488 seconds.
  path: Assets/Scenes/texture/axe_low_Material_BaseColor.png
  artifactKey: Guid(61f19c0e3da32c742939cca94d536422) Importer(815301076,1909f56bfc062723c751e8b465ee728b)
Start importing Assets/Scenes/texture/axe_low_Material_BaseColor.png using Guid(61f19c0e3da32c742939cca94d536422) Importer(815301076,1909f56bfc062723c751e8b465ee728b)  -> (artifact id: '0345f4846ed266fcfd012f666a1283d8') in 0.026447 seconds 
========================================================================
Received Import Request.
  Time since last request: 192.996677 seconds.
  path: Assets/Scenes/texture/axe_low_Material.001_Height.png
  artifactKey: Guid(5bd1d62bba8b0ed44a810a0bbce3c7aa) Importer(815301076,1909f56bfc062723c751e8b465ee728b)
Start importing Assets/Scenes/texture/axe_low_Material.001_Height.png using Guid(5bd1d62bba8b0ed44a810a0bbce3c7aa) Importer(815301076,1909f56bfc062723c751e8b465ee728b)  -> (artifact id: 'a563a6f80e322ce8ed6eb6e8f194f4d6') in 0.026485 seconds 
========================================================================
Received Import Request.
  Time since last request: 398.338947 seconds.
  path: Assets/Scenes/Materials/777.mat
  artifactKey: Guid(91061c7a5e62ea148b87b9c46436d33f) Importer(815301076,1909f56bfc062723c751e8b465ee728b)
Start importing Assets/Scenes/Materials/777.mat using Guid(91061c7a5e62ea148b87b9c46436d33f) Importer(815301076,1909f56bfc062723c751e8b465ee728b)  -> (artifact id: 'f4a657a97eed2b05a2924a86beeb0957') in 0.022221 seconds 
========================================================================
Received Import Request.
  Time since last request: 296.653103 seconds.
  path: Assets/Scenes/Materials/1.mat
  artifactKey: Guid(0bcdd60acf3b86a41b2ec6d7fdf9d097) Importer(815301076,1909f56bfc062723c751e8b465ee728b)
Start importing Assets/Scenes/Materials/1.mat using Guid(0bcdd60acf3b86a41b2ec6d7fdf9d097) Importer(815301076,1909f56bfc062723c751e8b465ee728b)  -> (artifact id: 'e549ad7b29aba5aa0eb556838b59c9c0') in 0.022952 seconds 
========================================================================
Received Import Request.
  Time since last request: 12.171074 seconds.
  path: Assets/Scenes/Materials/2.mat
  artifactKey: Guid(5d029d9eba02aa14891b0c4fbaedf60a) Importer(815301076,1909f56bfc062723c751e8b465ee728b)
Start importing Assets/Scenes/Materials/2.mat using Guid(5d029d9eba02aa14891b0c4fbaedf60a) Importer(815301076,1909f56bfc062723c751e8b465ee728b)  -> (artifact id: '4d37c46ff811099bb793b5c4e5603338') in 0.022120 seconds 
========================================================================
Received Import Request.
  Time since last request: 9.020407 seconds.
  path: Assets/Scenes/Materials/3.mat
  artifactKey: Guid(df4793f2dbc14fe46a28d3489184f268) Importer(815301076,1909f56bfc062723c751e8b465ee728b)
Start importing Assets/Scenes/Materials/3.mat using Guid(df4793f2dbc14fe46a28d3489184f268) Importer(815301076,1909f56bfc062723c751e8b465ee728b)  -> (artifact id: '4067da7d18aa7482e42d64802ff13586') in 0.021947 seconds 
========================================================================
Received Import Request.
  Time since last request: 12.139175 seconds.
  path: Assets/Scenes/Materials/4.mat
  artifactKey: Guid(a51e836cb7e2ad3429b86375a3fa34e5) Importer(815301076,1909f56bfc062723c751e8b465ee728b)
Start importing Assets/Scenes/Materials/4.mat using Guid(a51e836cb7e2ad3429b86375a3fa34e5) Importer(815301076,1909f56bfc062723c751e8b465ee728b)  -> (artifact id: '41074e10c8ae7e89ac10e9777c34d088') in 0.022809 seconds 
========================================================================
Received Import Request.
  Time since last request: 74.809738 seconds.
  path: Assets/Scenes/texture/Materials/axe_low_Material.001_Height.mat
  artifactKey: Guid(6c0d96e0dd0cb1842bc002ea452960c9) Importer(815301076,1909f56bfc062723c751e8b465ee728b)
Start importing Assets/Scenes/texture/Materials/axe_low_Material.001_Height.mat using Guid(6c0d96e0dd0cb1842bc002ea452960c9) Importer(815301076,1909f56bfc062723c751e8b465ee728b)  -> (artifact id: '3aaabbded065ede2a1af845243fac208') in 0.025537 seconds 
========================================================================
Received Import Request.
  Time since last request: 0.000051 seconds.
  path: Assets/Scenes/texture/Materials/axe_low_Material_BaseColor.mat
  artifactKey: Guid(63a9f0adfde975c4f97cf642311f5fd6) Importer(815301076,1909f56bfc062723c751e8b465ee728b)
Start importing Assets/Scenes/texture/Materials/axe_low_Material_BaseColor.mat using Guid(63a9f0adfde975c4f97cf642311f5fd6) Importer(815301076,1909f56bfc062723c751e8b465ee728b)  -> (artifact id: 'fc64e8d76e2f8aee91829d7766db76ae') in 0.023927 seconds 
========================================================================
Received Import Request.
  Time since last request: 0.000083 seconds.
  path: Assets/Scenes/texture/Materials/textures.mat
  artifactKey: Guid(f481d5cf4755b7c4cbaaa35d40984e0b) Importer(815301076,1909f56bfc062723c751e8b465ee728b)
Start importing Assets/Scenes/texture/Materials/textures.mat using Guid(f481d5cf4755b7c4cbaaa35d40984e0b) Importer(815301076,1909f56bfc062723c751e8b465ee728b)  -> (artifact id: 'd76562b030c6cb49a2c27e3e3c5c4dbc') in 0.030073 seconds 
========================================================================
Received Import Request.
  Time since last request: 22.687048 seconds.
  path: Assets/Scenes/texture/axe_low_Material.001_Normal.png
  artifactKey: Guid(4634c4aeb236aa34cabdd8b53905f352) Importer(815301076,1909f56bfc062723c751e8b465ee728b)
Start importing Assets/Scenes/texture/axe_low_Material.001_Normal.png using Guid(4634c4aeb236aa34cabdd8b53905f352) Importer(815301076,1909f56bfc062723c751e8b465ee728b)  -> (artifact id: '3fd9568ba82d70f34767db225599532c') in 0.026315 seconds 
========================================================================
Received Import Request.
  Time since last request: 2.935910 seconds.
  path: Assets/Scenes/texture/axe_low_Material.001_Metallic.png
  artifactKey: Guid(238e0148fb3fa314d91b81c5c4881e9a) Importer(815301076,1909f56bfc062723c751e8b465ee728b)
Start importing Assets/Scenes/texture/axe_low_Material.001_Metallic.png using Guid(238e0148fb3fa314d91b81c5c4881e9a) Importer(815301076,1909f56bfc062723c751e8b465ee728b)  -> (artifact id: '69f8d0b2c1a6aca38f2081306ca03031') in 0.027161 seconds 
========================================================================
Received Import Request.
  Time since last request: 12.176084 seconds.
  path: Assets/Scenes/texture/axe_low_Material_Metallic.png
  artifactKey: Guid(a117f6ff6e787d044a8d54bcc4e694ce) Importer(815301076,1909f56bfc062723c751e8b465ee728b)
Start importing Assets/Scenes/texture/axe_low_Material_Metallic.png using Guid(a117f6ff6e787d044a8d54bcc4e694ce) Importer(815301076,1909f56bfc062723c751e8b465ee728b)  -> (artifact id: '1e37cc125212c2c26680b48c3fefd393') in 0.022426 seconds 
========================================================================
Received Import Request.
  Time since last request: 50.693607 seconds.
  path: Assets/Scenes/texture/NGC__1_-removebg-preview.png
  artifactKey: Guid(7379a2f51f02b8d48981e1c5196bb338) Importer(815301076,1909f56bfc062723c751e8b465ee728b)
Start importing Assets/Scenes/texture/NGC__1_-removebg-preview.png using Guid(7379a2f51f02b8d48981e1c5196bb338) Importer(815301076,1909f56bfc062723c751e8b465ee728b)  -> (artifact id: '75132cfda319085a9581d1987d9e58d7') in 0.024552 seconds 
========================================================================
Received Import Request.
  Time since last request: 7.110351 seconds.
  path: Assets/Scenes/texture/Materials/New Custom Render Texture.mat
  artifactKey: Guid(1ec8e9323807ca046b5f970baeab858e) Importer(815301076,1909f56bfc062723c751e8b465ee728b)
Start importing Assets/Scenes/texture/Materials/New Custom Render Texture.mat using Guid(1ec8e9323807ca046b5f970baeab858e) Importer(815301076,1909f56bfc062723c751e8b465ee728b)  -> (artifact id: '0fc5dffa5e58df9315dcdb15ac12146b') in 0.019131 seconds 
========================================================================
Received Import Request.
  Time since last request: 26.893473 seconds.
  path: Assets/Scenes/texture/Materials/NGC__1_-removebg-preview.mat
  artifactKey: Guid(513829eb515a95a4a85df45f54fb50e7) Importer(815301076,1909f56bfc062723c751e8b465ee728b)
Start importing Assets/Scenes/texture/Materials/NGC__1_-removebg-preview.mat using Guid(513829eb515a95a4a85df45f54fb50e7) Importer(815301076,1909f56bfc062723c751e8b465ee728b)  -> (artifact id: '7fba08bd1cdef2b75f035b285c147c20') in 0.019743 seconds 
========================================================================
Received Prepare
Registering precompiled user dll's ...
Registered in 0.014822 seconds.
Begin MonoManager ReloadAssembly
Symbol file LoadedFromMemory doesn't match image C:\Users\fokin\Desktop\game project\My project\Library\PackageCache\com.unity.visualscripting@1.7.8\Editor\VisualScripting.Core\Dependencies\YamlDotNet\Unity.VisualScripting.YamlDotNet.dll
Symbol file LoadedFromMemory doesn't match image C:\Users\fokin\Desktop\game project\My project\Library\PackageCache\com.unity.visualscripting@1.7.8\Editor\VisualScripting.Core\Dependencies\DotNetZip\Unity.VisualScripting.IonicZip.dll
Native extension for WindowsStandalone target not found
Refreshing native plugins compatible for Editor in 1.13 ms, found 3 plugins.
Preloading 0 native plugins for Editor in 0.00 ms.
Mono: successfully reloaded assembly
- Completed reload, in  2.602 seconds
Domain Reload Profiling:
	ReloadAssembly (2604ms)
		BeginReloadAssembly (544ms)
			ExecutionOrderSort (0ms)
			DisableScriptedObjects (19ms)
			BackupInstance (0ms)
			ReleaseScriptingObjects (0ms)
			CreateAndSetChildDomain (250ms)
		EndReloadAssembly (1810ms)
			LoadAssemblies (258ms)
			RebuildTransferFunctionScriptingTraits (0ms)
			SetupTypeCache (680ms)
			ReleaseScriptCaches (3ms)
			RebuildScriptCaches (99ms)
			SetupLoadedEditorAssemblies (719ms)
				LogAssemblyErrors (0ms)
				InitializePlatformSupportModulesInManaged (30ms)
				SetLoadedEditorAssemblies (2ms)
				RefreshPlugins (1ms)
				BeforeProcessingInitializeOnLoad (144ms)
				ProcessInitializeOnLoadAttributes (466ms)
				ProcessInitializeOnLoadMethodAttributes (58ms)
				AfterProcessingInitializeOnLoad (19ms)
				EditorAssembliesLoaded (0ms)
			ExecutionOrderSort2 (0ms)
			AwakeInstancesAfterBackupRestoration (18ms)
Platform modules already initialized, skipping
Refreshing native plugins compatible for Editor in 4.40 ms, found 3 plugins.
Preloading 0 native plugins for Editor in 0.00 ms.
Unloading 3347 Unused Serialized files (Serialized files now loaded: 0)
Unloading 20 unused Assets / (79.8 KB). Loaded Objects now: 3865.
Memory consumption went from 132.8 MB to 132.7 MB.
Total: 8.273500 ms (FindLiveObjects: 0.525500 ms CreateObjectMapping: 0.737800 ms MarkObjects: 6.854800 ms  DeleteObjects: 0.152700 ms)

AssetImportParameters requested are different than current active one (requested -> active):
  custom:video-decoder-ogg-theora: a1e56fd34408186e4bbccfd4996cb3dc -> 
  custom:container-muxer-webm: aa71ff27fc2769a1b78a27578f13a17b -> 
  custom:container-demuxer-webm: 4f35f7cbe854078d1ac9338744f61a02 -> 
  custom:video-encoder-webm-vp8: eb34c28f22e8b96e1ab97ce403110664 -> 
  custom:audio-encoder-webm-vorbis: bf7c407c2cedff20999df2af8eb42d56 -> 
  custom:framework-win-MediaFoundation: 216162199b28c13a410421893ffa2e32 -> 
  custom:container-demuxer-ogg: 62fdf1f143b41e24485cea50d1cbac27 -> 
  custom:video-decoder-webm-vp8: 9c59270c3fd7afecdb556c50c9e8de78 -> 
  custom:audio-decoder-ogg-vorbis: bf7c407c2cedff20999df2af8eb42d56 -> 
========================================================================
Received Import Request.
  Time since last request: 883.204583 seconds.
  path: Assets/Scenes/texture/axe_low_Material.001_BaseColor.png
  artifactKey: Guid(5d74b3676b29173449d749df24033a13) Importer(815301076,1909f56bfc062723c751e8b465ee728b)
Start importing Assets/Scenes/texture/axe_low_Material.001_BaseColor.png using Guid(5d74b3676b29173449d749df24033a13) Importer(815301076,1909f56bfc062723c751e8b465ee728b)  -> (artifact id: '51b4d4e6eac8518f7649511db65f9c32') in 0.156615 seconds 
========================================================================
Received Import Request.
  Time since last request: 9.980890 seconds.
  path: Assets/Scenes/texture/axe_low_Material.001_BaseColor 1.png
  artifactKey: Guid(5c4ff92b201e25c43ae7734616b36c90) Importer(815301076,1909f56bfc062723c751e8b465ee728b)
Start importing Assets/Scenes/texture/axe_low_Material.001_BaseColor 1.png using Guid(5c4ff92b201e25c43ae7734616b36c90) Importer(815301076,1909f56bfc062723c751e8b465ee728b)  -> (artifact id: '2d6b75696801cf7ae773e7e9ec66e15c') in 0.037205 seconds 
========================================================================
Received Import Request.
  Time since last request: 0.000079 seconds.
  path: Assets/Scenes/texture/axe_low_Material_Metallic 1.png
  artifactKey: Guid(d0aece5365c8595458ec39fe5ff42026) Importer(815301076,1909f56bfc062723c751e8b465ee728b)
Start importing Assets/Scenes/texture/axe_low_Material_Metallic 1.png using Guid(d0aece5365c8595458ec39fe5ff42026) Importer(815301076,1909f56bfc062723c751e8b465ee728b)  -> (artifact id: 'f4362ba24a36132ace3b060829640fe2') in 0.040732 seconds 
========================================================================
Received Import Request.
  Time since last request: 0.000098 seconds.
  path: Assets/Scenes/texture/axe_low_Material_BaseColor 1.png
  artifactKey: Guid(bcf1b3166588ce34c90993ae045af2d4) Importer(815301076,1909f56bfc062723c751e8b465ee728b)
Start importing Assets/Scenes/texture/axe_low_Material_BaseColor 1.png using Guid(bcf1b3166588ce34c90993ae045af2d4) Importer(815301076,1909f56bfc062723c751e8b465ee728b)  -> (artifact id: '7213719cfd43b83e20f2e83807011866') in 0.042258 seconds 
========================================================================
Received Import Request.
  Time since last request: 0.000092 seconds.
  path: Assets/Scenes/texture/axe_low_Material.001_Metallic 1.png
  artifactKey: Guid(0c5b7ae79ab29e84ba65ba82243d2edb) Importer(815301076,1909f56bfc062723c751e8b465ee728b)
Start importing Assets/Scenes/texture/axe_low_Material.001_Metallic 1.png using Guid(0c5b7ae79ab29e84ba65ba82243d2edb) Importer(815301076,1909f56bfc062723c751e8b465ee728b)  -> (artifact id: '799b6ca6bb29e94b4c19815a3acbbe64') in 0.030896 seconds 
========================================================================
Received Import Request.
  Time since last request: 0.000051 seconds.
  path: Assets/Scenes/texture/axe_low_Material_Normal.png
  artifactKey: Guid(f6169b1ea46b0b34daf48f4042ad373a) Importer(815301076,1909f56bfc062723c751e8b465ee728b)
Start importing Assets/Scenes/texture/axe_low_Material_Normal.png using Guid(f6169b1ea46b0b34daf48f4042ad373a) Importer(815301076,1909f56bfc062723c751e8b465ee728b)  -> (artifact id: '021b9dda0109737b591bbe69a12499ba') in 0.039352 seconds 
========================================================================
Received Import Request.
  Time since last request: 0.000055 seconds.
  path: Assets/Scenes/texture/axe_low_Material_Height.png
  artifactKey: Guid(f9d62c30e72b3bf439d802ffd8da9736) Importer(815301076,1909f56bfc062723c751e8b465ee728b)
Start importing Assets/Scenes/texture/axe_low_Material_Height.png using Guid(f9d62c30e72b3bf439d802ffd8da9736) Importer(815301076,1909f56bfc062723c751e8b465ee728b)  -> (artifact id: '876d75ffeb53e42af6f728bf6e55032f') in 0.043162 seconds 
========================================================================
Received Import Request.
  Time since last request: 12.783915 seconds.
  path: Assets/Scenes/texture/axe_low_Material_Roughness.png
  artifactKey: Guid(f9fc1074c6f1e7a49b098896409cff43) Importer(815301076,1909f56bfc062723c751e8b465ee728b)
Start importing Assets/Scenes/texture/axe_low_Material_Roughness.png using Guid(f9fc1074c6f1e7a49b098896409cff43) Importer(815301076,1909f56bfc062723c751e8b465ee728b)  -> (artifact id: '03ae894f90ad493b8a3446b2183ac368') in 0.027887 seconds 
========================================================================
Received Import Request.
  Time since last request: 1116.452283 seconds.
  path: Assets/sword_03.fbx
  artifactKey: Guid(1dc4dc51f04017545a4f82aecf77ee3a) Importer(815301076,1909f56bfc062723c751e8b465ee728b)
Start importing Assets/sword_03.fbx using Guid(1dc4dc51f04017545a4f82aecf77ee3a) Importer(815301076,1909f56bfc062723c751e8b465ee728b)  -> (artifact id: 'd7587879bbf3d4e6b95ba2163eedf74f') in 0.310587 seconds 
========================================================================
Received Import Request.
  Time since last request: 1082.057141 seconds.
  path: Assets/Scenes/texture/mech
  artifactKey: Guid(96cf32aebb377b14d9020c3629da41e8) Importer(815301076,1909f56bfc062723c751e8b465ee728b)
Start importing Assets/Scenes/texture/mech using Guid(96cf32aebb377b14d9020c3629da41e8) Importer(815301076,1909f56bfc062723c751e8b465ee728b)  -> (artifact id: 'abe200f32ed8fd8060abbf91de601cdf') in 0.012796 seconds 
========================================================================
Received Import Request.
  Time since last request: 19.788324 seconds.
  path: Assets/Scenes/texture/mech/DefaultMaterial_2D_View.png
  artifactKey: Guid(8ff3a44bc4459504d917624fa35cdb06) Importer(815301076,1909f56bfc062723c751e8b465ee728b)
Start importing Assets/Scenes/texture/mech/DefaultMaterial_2D_View.png using Guid(8ff3a44bc4459504d917624fa35cdb06) Importer(815301076,1909f56bfc062723c751e8b465ee728b)  -> (artifact id: 'f5085c4178596280fee92e81057b2cc0') in 0.050997 seconds 
========================================================================
Received Import Request.
  Time since last request: 0.000061 seconds.
  path: Assets/Scenes/texture/mech/swordFoTex_DefaultMaterial_Roughness.png
  artifactKey: Guid(f3cdd162670e85348b19f5ef6b5aefa9) Importer(815301076,1909f56bfc062723c751e8b465ee728b)
Start importing Assets/Scenes/texture/mech/swordFoTex_DefaultMaterial_Roughness.png using Guid(f3cdd162670e85348b19f5ef6b5aefa9) Importer(815301076,1909f56bfc062723c751e8b465ee728b)  -> (artifact id: '932eb91f7f5371043a883e0dcae1b473') in 0.030501 seconds 
========================================================================
Received Import Request.
  Time since last request: 0.000037 seconds.
  path: Assets/Scenes/texture/mech/swordFoTex_DefaultMaterial_Metallic.png
  artifactKey: Guid(7597eed03b078384ab0279936569aa7f) Importer(815301076,1909f56bfc062723c751e8b465ee728b)
Start importing Assets/Scenes/texture/mech/swordFoTex_DefaultMaterial_Metallic.png using Guid(7597eed03b078384ab0279936569aa7f) Importer(815301076,1909f56bfc062723c751e8b465ee728b)  -> (artifact id: '9eb7a72a1e182e095651e5e607820b87') in 0.030632 seconds 
========================================================================
Received Import Request.
  Time since last request: 0.000036 seconds.
  path: Assets/Scenes/texture/mech/swordFoTex_DefaultMaterial_Emissive.png
  artifactKey: Guid(ebf8122e654088746907d2f39c32a04f) Importer(815301076,1909f56bfc062723c751e8b465ee728b)
Start importing Assets/Scenes/texture/mech/swordFoTex_DefaultMaterial_Emissive.png using Guid(ebf8122e654088746907d2f39c32a04f) Importer(815301076,1909f56bfc062723c751e8b465ee728b)  -> (artifact id: '287dcabe6dcaca76d104af51d76ac2f6') in 0.035957 seconds 
========================================================================
Received Import Request.
  Time since last request: 33.233364 seconds.
  path: Assets/Scenes/Materials/8888.mat
  artifactKey: Guid(61120586bb61e964981762c087d76c91) Importer(815301076,1909f56bfc062723c751e8b465ee728b)
Start importing Assets/Scenes/Materials/8888.mat using Guid(61120586bb61e964981762c087d76c91) Importer(815301076,1909f56bfc062723c751e8b465ee728b)  -> (artifact id: 'bd2dfbc40aa1eeca3f569d6c8d2af108') in 0.023643 seconds 
========================================================================
Received Import Request.
  Time since last request: 276.950351 seconds.
  path: Assets/Scenes/swordFoTex.fbx
  artifactKey: Guid(053565e8a5577fd41b9241afd822b1e6) Importer(815301076,1909f56bfc062723c751e8b465ee728b)
Start importing Assets/Scenes/swordFoTex.fbx using Guid(053565e8a5577fd41b9241afd822b1e6) Importer(815301076,1909f56bfc062723c751e8b465ee728b)  -> (artifact id: '64a222b960e52420ad38446df49d2047') in 0.049503 seconds 
